Analysis & Synthesis report for lock
Tue May 14 16:45:24 2019
Quartus II Version 9.0 Build 235 06/17/2009 Service Pack 2 SJ Web Edition


---------------------
; Table of Contents ;
---------------------
  1. Legal Notice
  2. Analysis & Synthesis Summary
  3. Analysis & Synthesis Settings
  4. Analysis & Synthesis Source Files Read
  5. Analysis & Synthesis Resource Usage Summary
  6. Analysis & Synthesis Resource Utilization by Entity
  7. Registers Removed During Synthesis
  8. Removed Registers Triggering Further Register Optimizations
  9. General Register Statistics
 10. Inverted Register Statistics
 11. Multiplexer Restructuring Statistics (Restructuring Performed)
 12. Analysis & Synthesis Messages



----------------
; Legal Notice ;
----------------
Copyright (C) 1991-2009 Altera Corporation
Your use of Altera Corporation's design tools, logic functions 
and other software and tools, and its AMPP partner logic 
functions, and any output files from any of the foregoing 
(including device programming or simulation files), and any 
associated documentation or information are expressly subject 
to the terms and conditions of the Altera Program License 
Subscription Agreement, Altera MegaCore Function License 
Agreement, or other applicable license agreement, including, 
without limitation, that your use is for the sole purpose of 
programming logic devices manufactured by Altera and sold by 
Altera or its authorized distributors.  Please refer to the 
applicable agreement for further details.



+----------------------------------------------------------------------------+
; Analysis & Synthesis Summary                                               ;
+-----------------------------+----------------------------------------------+
; Analysis & Synthesis Status ; Successful - Tue May 14 16:45:24 2019        ;
; Quartus II Version          ; 9.0 Build 235 06/17/2009 SP 2 SJ Web Edition ;
; Revision Name               ; lock                                         ;
; Top-level Entity Name       ; lock                                         ;
; Family                      ; MAX II                                       ;
; Total logic elements        ; 167                                          ;
; Total pins                  ; 11                                           ;
; Total virtual pins          ; 0                                            ;
; UFM blocks                  ; 0 / 1 ( 0 % )                                ;
+-----------------------------+----------------------------------------------+


+--------------------------------------------------------------------------------------------------------+
; Analysis & Synthesis Settings                                                                          ;
+--------------------------------------------------------------+--------------------+--------------------+
; Option                                                       ; Setting            ; Default Value      ;
+--------------------------------------------------------------+--------------------+--------------------+
; Device                                                       ; EPM240T100C5       ;                    ;
; Top-level entity name                                        ; lock               ; lock               ;
; Family name                                                  ; MAX II             ; Stratix II         ;
; Use Generated Physical Constraints File                      ; Off                ;                    ;
; Use smart compilation                                        ; Off                ; Off                ;
; Restructure Multiplexers                                     ; Auto               ; Auto               ;
; Create Debugging Nodes for IP Cores                          ; Off                ; Off                ;
; Preserve fewer node names                                    ; On                 ; On                 ;
; Disable OpenCore Plus hardware evaluation                    ; Off                ; Off                ;
; Verilog Version                                              ; Verilog_2001       ; Verilog_2001       ;
; VHDL Version                                                 ; VHDL93             ; VHDL93             ;
; State Machine Processing                                     ; Auto               ; Auto               ;
; Safe State Machine                                           ; Off                ; Off                ;
; Extract Verilog State Machines                               ; On                 ; On                 ;
; Extract VHDL State Machines                                  ; On                 ; On                 ;
; Ignore Verilog initial constructs                            ; Off                ; Off                ;
; Iteration limit for constant Verilog loops                   ; 5000               ; 5000               ;
; Iteration limit for non-constant Verilog loops               ; 250                ; 250                ;
; Add Pass-Through Logic to Inferred RAMs                      ; On                 ; On                 ;
; Parallel Synthesis                                           ; Off                ; Off                ;
; NOT Gate Push-Back                                           ; On                 ; On                 ;
; Power-Up Don't Care                                          ; On                 ; On                 ;
; Remove Redundant Logic Cells                                 ; Off                ; Off                ;
; Remove Duplicate Registers                                   ; On                 ; On                 ;
; Ignore CARRY Buffers                                         ; Off                ; Off                ;
; Ignore CASCADE Buffers                                       ; Off                ; Off                ;
; Ignore GLOBAL Buffers                                        ; Off                ; Off                ;
; Ignore ROW GLOBAL Buffers                                    ; Off                ; Off                ;
; Ignore LCELL Buffers                                         ; Off                ; Off                ;
; Ignore SOFT Buffers                                          ; On                 ; On                 ;
; Limit AHDL Integers to 32 Bits                               ; Off                ; Off                ;
; Optimization Technique                                       ; Balanced           ; Balanced           ;
; Carry Chain Length                                           ; 70                 ; 70                 ;
; Auto Carry Chains                                            ; On                 ; On                 ;
; Auto Open-Drain Pins                                         ; On                 ; On                 ;
; Perform WYSIWYG Primitive Resynthesis                        ; Off                ; Off                ;
; Auto Shift Register Replacement                              ; Auto               ; Auto               ;
; Auto Clock Enable Replacement                                ; On                 ; On                 ;
; Allow Synchronous Control Signals                            ; On                 ; On                 ;
; Force Use of Synchronous Clear Signals                       ; Off                ; Off                ;
; Auto Resource Sharing                                        ; Off                ; Off                ;
; Use LogicLock Constraints during Resource Balancing          ; On                 ; On                 ;
; Ignore translate_off and synthesis_off directives            ; Off                ; Off                ;
; Show Parameter Settings Tables in Synthesis Report           ; On                 ; On                 ;
; Ignore Maximum Fan-Out Assignments                           ; Off                ; Off                ;
; Synchronization Register Chain Length                        ; 2                  ; 2                  ;
; PowerPlay Power Optimization                                 ; Normal compilation ; Normal compilation ;
; HDL message level                                            ; Level2             ; Level2             ;
; Suppress Register Optimization Related Messages              ; Off                ; Off                ;
; Number of Removed Registers Reported in Synthesis Report     ; 100                ; 100                ;
; Number of Inverted Registers Reported in Synthesis Report    ; 100                ; 100                ;
; Clock MUX Protection                                         ; On                 ; On                 ;
; Block Design Naming                                          ; Auto               ; Auto               ;
; Synthesis Effort                                             ; Auto               ; Auto               ;
; Shift Register Replacement - Allow Asynchronous Clear Signal ; On                 ; On                 ;
; Analysis & Synthesis Message Level                           ; Medium             ; Medium             ;
+--------------------------------------------------------------+--------------------+--------------------+


+-----------------------------------------------------------------------------------------------------+
; Analysis & Synthesis Source Files Read                                                              ;
+----------------------------------+-----------------+-----------------+------------------------------+
; File Name with User-Entered Path ; Used in Netlist ; File Type       ; File Name with Absolute Path ;
+----------------------------------+-----------------+-----------------+------------------------------+
; pwlock.vhd                       ; yes             ; User VHDL File  ; E:/LOCK/pwlock.vhd           ;
+----------------------------------+-----------------+-----------------+------------------------------+


+-----------------------------------------------------+
; Analysis & Synthesis Resource Usage Summary         ;
+---------------------------------------------+-------+
; Resource                                    ; Usage ;
+---------------------------------------------+-------+
; Total logic elements                        ; 167   ;
;     -- Combinational with no register       ; 107   ;
;     -- Register only                        ; 12    ;
;     -- Combinational with a register        ; 48    ;
;                                             ;       ;
; Logic element usage by number of LUT inputs ;       ;
;     -- 4 input functions                    ; 56    ;
;     -- 3 input functions                    ; 22    ;
;     -- 2 input functions                    ; 68    ;
;     -- 1 input functions                    ; 5     ;
;     -- 0 input functions                    ; 4     ;
;                                             ;       ;
; Logic elements by mode                      ;       ;
;     -- normal mode                          ; 136   ;
;     -- arithmetic mode                      ; 31    ;
;     -- qfbk mode                            ; 0     ;
;     -- register cascade mode                ; 0     ;
;     -- synchronous clear/load mode          ; 35    ;
;     -- asynchronous clear/load mode         ; 39    ;
;                                             ;       ;
; Total registers                             ; 60    ;
; Total logic cells in carry chains           ; 32    ;
; I/O pins                                    ; 11    ;
; Maximum fan-out node                        ; clk   ;
; Maximum fan-out                             ; 60    ;
; Total fan-out                               ; 668   ;
; Average fan-out                             ; 3.75  ;
+---------------------------------------------+-------+


+----------------------------------------------------------------------------------------------------------------------------------------------------------------------------------------------------------------------+
; Analysis & Synthesis Resource Utilization by Entity                                                                                                                                                                  ;
+----------------------------+-------------+--------------+------------+------+--------------+--------------+-------------------+------------------+-----------------+------------+---------------------+--------------+
; Compilation Hierarchy Node ; Logic Cells ; LC Registers ; UFM Blocks ; Pins ; Virtual Pins ; LUT-Only LCs ; Register-Only LCs ; LUT/Register LCs ; Carry Chain LCs ; Packed LCs ; Full Hierarchy Name ; Library Name ;
+----------------------------+-------------+--------------+------------+------+--------------+--------------+-------------------+------------------+-----------------+------------+---------------------+--------------+
; |lock                      ; 167 (167)   ; 60           ; 0          ; 11   ; 0            ; 107 (107)    ; 12 (12)           ; 48 (48)          ; 32 (32)         ; 0 (0)      ; |lock               ; work         ;
+----------------------------+-------------+--------------+------------+------+--------------+--------------+-------------------+------------------+-----------------+------------+---------------------+--------------+
Note: For table entries with two numbers listed, the numbers in parentheses indicate the number of resources of the given type used by the specific entity alone. The numbers listed outside of parentheses indicate the total resources of the given type used by the specific entity and all of its sub-entities in the hierarchy.


+----------------------------------------------------------------------------------+
; Registers Removed During Synthesis                                               ;
+-----------------------------------------+----------------------------------------+
; Register name                           ; Reason for Removal                     ;
+-----------------------------------------+----------------------------------------+
; pwd[3][30]                              ; Stuck at GND due to stuck port data_in ;
; pwd[3][29]                              ; Stuck at GND due to stuck port data_in ;
; pwd[3][28]                              ; Stuck at GND due to stuck port data_in ;
; pwd[3][27]                              ; Stuck at GND due to stuck port data_in ;
; pwd[3][26]                              ; Stuck at GND due to stuck port data_in ;
; pwd[3][25]                              ; Stuck at GND due to stuck port data_in ;
; pwd[3][24]                              ; Stuck at GND due to stuck port data_in ;
; pwd[3][23]                              ; Stuck at GND due to stuck port data_in ;
; pwd[3][22]                              ; Stuck at GND due to stuck port data_in ;
; pwd[3][21]                              ; Stuck at GND due to stuck port data_in ;
; pwd[3][20]                              ; Stuck at GND due to stuck port data_in ;
; pwd[3][19]                              ; Stuck at GND due to stuck port data_in ;
; pwd[3][18]                              ; Stuck at GND due to stuck port data_in ;
; pwd[3][17]                              ; Stuck at GND due to stuck port data_in ;
; pwd[3][16]                              ; Stuck at GND due to stuck port data_in ;
; pwd[3][15]                              ; Stuck at GND due to stuck port data_in ;
; pwd[3][14]                              ; Stuck at GND due to stuck port data_in ;
; pwd[3][13]                              ; Stuck at GND due to stuck port data_in ;
; pwd[3][12]                              ; Stuck at GND due to stuck port data_in ;
; pwd[3][11]                              ; Stuck at GND due to stuck port data_in ;
; pwd[3][10]                              ; Stuck at GND due to stuck port data_in ;
; pwd[3][9]                               ; Stuck at GND due to stuck port data_in ;
; pwd[3][8]                               ; Stuck at GND due to stuck port data_in ;
; pwd[3][7]                               ; Stuck at GND due to stuck port data_in ;
; pwd[3][6]                               ; Stuck at GND due to stuck port data_in ;
; pwd[3][5]                               ; Stuck at GND due to stuck port data_in ;
; pwd[3][4]                               ; Stuck at GND due to stuck port data_in ;
; pwd[2][30]                              ; Stuck at GND due to stuck port data_in ;
; pwd[2][29]                              ; Stuck at GND due to stuck port data_in ;
; pwd[2][28]                              ; Stuck at GND due to stuck port data_in ;
; pwd[2][27]                              ; Stuck at GND due to stuck port data_in ;
; pwd[2][26]                              ; Stuck at GND due to stuck port data_in ;
; pwd[2][25]                              ; Stuck at GND due to stuck port data_in ;
; pwd[2][24]                              ; Stuck at GND due to stuck port data_in ;
; pwd[2][23]                              ; Stuck at GND due to stuck port data_in ;
; pwd[2][22]                              ; Stuck at GND due to stuck port data_in ;
; pwd[2][21]                              ; Stuck at GND due to stuck port data_in ;
; pwd[2][20]                              ; Stuck at GND due to stuck port data_in ;
; pwd[2][19]                              ; Stuck at GND due to stuck port data_in ;
; pwd[2][18]                              ; Stuck at GND due to stuck port data_in ;
; pwd[2][17]                              ; Stuck at GND due to stuck port data_in ;
; pwd[2][16]                              ; Stuck at GND due to stuck port data_in ;
; pwd[2][15]                              ; Stuck at GND due to stuck port data_in ;
; pwd[2][14]                              ; Stuck at GND due to stuck port data_in ;
; pwd[2][13]                              ; Stuck at GND due to stuck port data_in ;
; pwd[2][12]                              ; Stuck at GND due to stuck port data_in ;
; pwd[2][11]                              ; Stuck at GND due to stuck port data_in ;
; pwd[2][10]                              ; Stuck at GND due to stuck port data_in ;
; pwd[2][9]                               ; Stuck at GND due to stuck port data_in ;
; pwd[2][8]                               ; Stuck at GND due to stuck port data_in ;
; pwd[2][7]                               ; Stuck at GND due to stuck port data_in ;
; pwd[2][6]                               ; Stuck at GND due to stuck port data_in ;
; pwd[2][5]                               ; Stuck at GND due to stuck port data_in ;
; pwd[2][4]                               ; Stuck at GND due to stuck port data_in ;
; pwd[1][30]                              ; Stuck at GND due to stuck port data_in ;
; pwd[1][29]                              ; Stuck at GND due to stuck port data_in ;
; pwd[1][28]                              ; Stuck at GND due to stuck port data_in ;
; pwd[1][27]                              ; Stuck at GND due to stuck port data_in ;
; pwd[1][26]                              ; Stuck at GND due to stuck port data_in ;
; pwd[1][25]                              ; Stuck at GND due to stuck port data_in ;
; pwd[1][24]                              ; Stuck at GND due to stuck port data_in ;
; pwd[1][23]                              ; Stuck at GND due to stuck port data_in ;
; pwd[1][22]                              ; Stuck at GND due to stuck port data_in ;
; pwd[1][21]                              ; Stuck at GND due to stuck port data_in ;
; pwd[1][20]                              ; Stuck at GND due to stuck port data_in ;
; pwd[1][19]                              ; Stuck at GND due to stuck port data_in ;
; pwd[1][18]                              ; Stuck at GND due to stuck port data_in ;
; pwd[1][17]                              ; Stuck at GND due to stuck port data_in ;
; pwd[1][16]                              ; Stuck at GND due to stuck port data_in ;
; pwd[1][15]                              ; Stuck at GND due to stuck port data_in ;
; pwd[1][14]                              ; Stuck at GND due to stuck port data_in ;
; pwd[1][13]                              ; Stuck at GND due to stuck port data_in ;
; pwd[1][12]                              ; Stuck at GND due to stuck port data_in ;
; pwd[1][11]                              ; Stuck at GND due to stuck port data_in ;
; pwd[1][10]                              ; Stuck at GND due to stuck port data_in ;
; pwd[1][9]                               ; Stuck at GND due to stuck port data_in ;
; pwd[1][8]                               ; Stuck at GND due to stuck port data_in ;
; pwd[1][7]                               ; Stuck at GND due to stuck port data_in ;
; pwd[1][6]                               ; Stuck at GND due to stuck port data_in ;
; pwd[1][5]                               ; Stuck at GND due to stuck port data_in ;
; pwd[1][4]                               ; Stuck at GND due to stuck port data_in ;
; pwd[0][30]                              ; Stuck at GND due to stuck port data_in ;
; pwd[0][29]                              ; Stuck at GND due to stuck port data_in ;
; pwd[0][28]                              ; Stuck at GND due to stuck port data_in ;
; pwd[0][27]                              ; Stuck at GND due to stuck port data_in ;
; pwd[0][26]                              ; Stuck at GND due to stuck port data_in ;
; pwd[0][25]                              ; Stuck at GND due to stuck port data_in ;
; pwd[0][24]                              ; Stuck at GND due to stuck port data_in ;
; pwd[0][23]                              ; Stuck at GND due to stuck port data_in ;
; pwd[0][22]                              ; Stuck at GND due to stuck port data_in ;
; pwd[0][21]                              ; Stuck at GND due to stuck port data_in ;
; pwd[0][20]                              ; Stuck at GND due to stuck port data_in ;
; pwd[0][19]                              ; Stuck at GND due to stuck port data_in ;
; pwd[0][18]                              ; Stuck at GND due to stuck port data_in ;
; pwd[0][17]                              ; Stuck at GND due to stuck port data_in ;
; pwd[0][16]                              ; Stuck at GND due to stuck port data_in ;
; pwd[0][15]                              ; Stuck at GND due to stuck port data_in ;
; pwd[0][14]                              ; Stuck at GND due to stuck port data_in ;
; pwd[0][13]                              ; Stuck at GND due to stuck port data_in ;
; pwd[0][12]                              ; Stuck at GND due to stuck port data_in ;
; Total Number of Removed Registers = 199 ;                                        ;
+-----------------------------------------+----------------------------------------+
* Table truncated at 100 items. To change the number of removed registers reported, set the "Number of Removed Registers Reported" option under Assignments->Settings->Analysis and Synthesis Settings->More Settings


+------------------------------------------------------------------------------------+
; Removed Registers Triggering Further Register Optimizations                        ;
+---------------+---------------------------+----------------------------------------+
; Register name ; Reason for Removal        ; Registers Removed due to This Register ;
+---------------+---------------------------+----------------------------------------+
; pwd[3][30]    ; Stuck at GND              ; sp[31]                                 ;
;               ; due to stuck port data_in ;                                        ;
; pwd[0][30]    ; Stuck at GND              ; state[31]                              ;
;               ; due to stuck port data_in ;                                        ;
+---------------+---------------------------+----------------------------------------+


+------------------------------------------------------+
; General Register Statistics                          ;
+----------------------------------------------+-------+
; Statistic                                    ; Value ;
+----------------------------------------------+-------+
; Total registers                              ; 60    ;
; Number of registers using Synchronous Clear  ; 35    ;
; Number of registers using Synchronous Load   ; 0     ;
; Number of registers using Asynchronous Clear ; 7     ;
; Number of registers using Asynchronous Load  ; 32    ;
; Number of registers using Clock Enable       ; 56    ;
; Number of registers using Preset             ; 0     ;
+----------------------------------------------+-------+


+--------------------------------------------------+
; Inverted Register Statistics                     ;
+----------------------------------------+---------+
; Inverted Register                      ; Fan out ;
+----------------------------------------+---------+
; pwd[3][31]                             ; 1       ;
; pwd[3][0]                              ; 1       ;
; pwd[2][31]                             ; 1       ;
; pwd[2][0]                              ; 1       ;
; pwd[0][31]                             ; 2       ;
; pwd[0][0]                              ; 1       ;
; pwd[1][31]                             ; 1       ;
; pwd[1][0]                              ; 1       ;
; Total number of inverted registers = 8 ;         ;
+----------------------------------------+---------+


+------------------------------------------------------------------------------------------------------------------------------------------+
; Multiplexer Restructuring Statistics (Restructuring Performed)                                                                           ;
+--------------------+-----------+---------------+----------------------+------------------------+------------+----------------------------+
; Multiplexer Inputs ; Bus Width ; Baseline Area ; Area if Restructured ; Saving if Restructured ; Registered ; Example Multiplexer Output ;
+--------------------+-----------+---------------+----------------------+------------------------+------------+----------------------------+
; 9:1                ; 2 bits    ; 12 LEs        ; 0 LEs                ; 12 LEs                 ; Yes        ; |lock|sp[31]               ;
; 12:1               ; 32 bits   ; 256 LEs       ; 32 LEs               ; 224 LEs                ; Yes        ; |lock|cnt[17]              ;
+--------------------+-----------+---------------+----------------------+------------------------+------------+----------------------------+


+-------------------------------+
; Analysis & Synthesis Messages ;
+-------------------------------+
Info: *******************************************************************
Info: Running Quartus II Analysis & Synthesis
    Info: Version 9.0 Build 235 06/17/2009 Service Pack 2 SJ Web Edition
    Info: Processing started: Tue May 14 16:45:23 2019
Info: Command: quartus_map --read_settings_files=on --write_settings_files=off lock -c lock
Info: Found 2 design units, including 1 entities, in source file pwlock.vhd
    Info: Found design unit 1: lock-arc
    Info: Found entity 1: lock
Info: Elaborating entity "lock" for the top level hierarchy
Warning (10492): VHDL Process Statement warning at pwlock.vhd(32): signal "alarm" is read inside the Process Statement but isn't in the Process Statement's sensitivity list
Info: Implemented 178 device resources after synthesis - the final resource count might be different
    Info: Implemented 8 input pins
    Info: Implemented 3 output pins
    Info: Implemented 167 logic cells
Info: Quartus II Analysis & Synthesis was successful. 0 errors, 1 warning
    Info: Peak virtual memory: 273 megabytes
    Info: Processing ended: Tue May 14 16:45:24 2019
    Info: Elapsed time: 00:00:01
    Info: Total CPU time (on all processors): 00:00:01


